C:\Users\vivek_\Documents\Visual Studio 2010\Projects\NPPPacketParser\NPPPacketParser\projects\2003\Debug\cl.command.1.tlog
C:\Users\vivek_\Documents\Visual Studio 2010\Projects\NPPPacketParser\NPPPacketParser\projects\2003\Debug\CL.read.1.tlog
C:\Users\vivek_\Documents\Visual Studio 2010\Projects\NPPPacketParser\NPPPacketParser\projects\2003\Debug\CL.write.1.tlog
C:\USERS\VIVEK_\DOCUMENTS\VISUAL STUDIO 2010\PROJECTS\NPPPACKETPARSER\NPPPACKETPARSER\PROJECTS\2003\DEBUG\GOLINE.RES
C:\USERS\VIVEK_\DOCUMENTS\VISUAL STUDIO 2010\PROJECTS\NPPPACKETPARSER\NPPPACKETPARSER\PROJECTS\2003\DEBUG\GOTOLINEDLG.OBJ
C:\Users\vivek_\Documents\Visual Studio 2010\Projects\NPPPacketParser\NPPPacketParser\projects\2003\Debug\link.command.1.tlog
C:\Users\vivek_\Documents\Visual Studio 2010\Projects\NPPPacketParser\NPPPacketParser\projects\2003\Debug\link.read.1.tlog
C:\Users\vivek_\Documents\Visual Studio 2010\Projects\NPPPacketParser\NPPPacketParser\projects\2003\Debug\link.write.1.tlog
C:\Users\vivek_\Documents\Visual Studio 2010\Projects\NPPPacketParser\NPPPacketParser\projects\2003\Debug\link-cvtres.read.1.tlog
C:\Users\vivek_\Documents\Visual Studio 2010\Projects\NPPPacketParser\NPPPacketParser\projects\2003\Debug\link-cvtres.write.1.tlog
C:\Users\vivek_\Documents\Visual Studio 2010\Projects\NPPPacketParser\NPPPacketParser\projects\2003\Debug\mt.command.1.tlog
C:\Users\vivek_\Documents\Visual Studio 2010\Projects\NPPPacketParser\NPPPacketParser\projects\2003\Debug\mt.read.1.tlog
C:\Users\vivek_\Documents\Visual Studio 2010\Projects\NPPPacketParser\NPPPacketParser\projects\2003\Debug\mt.write.1.tlog
C:\USERS\VIVEK_\DOCUMENTS\VISUAL STUDIO 2010\PROJECTS\NPPPACKETPARSER\NPPPACKETPARSER\PROJECTS\2003\DEBUG\NPPPACKETPARSER.DLL
C:\USERS\VIVEK_\DOCUMENTS\VISUAL STUDIO 2010\PROJECTS\NPPPACKETPARSER\NPPPACKETPARSER\PROJECTS\2003\DEBUG\NPPPACKETPARSER.DLL.EMBED.MANIFEST
C:\USERS\VIVEK_\DOCUMENTS\VISUAL STUDIO 2010\PROJECTS\NPPPACKETPARSER\NPPPACKETPARSER\PROJECTS\2003\DEBUG\NPPPACKETPARSER.DLL.EMBED.MANIFEST.RES
C:\USERS\VIVEK_\DOCUMENTS\VISUAL STUDIO 2010\PROJECTS\NPPPACKETPARSER\NPPPACKETPARSER\PROJECTS\2003\DEBUG\NPPPACKETPARSER.DLL.INTERMEDIATE.MANIFEST
C:\USERS\VIVEK_\DOCUMENTS\VISUAL STUDIO 2010\PROJECTS\NPPPACKETPARSER\NPPPACKETPARSER\PROJECTS\2003\DEBUG\NPPPACKETPARSER.ILK
C:\Users\vivek_\Documents\Visual Studio 2010\Projects\NPPPacketParser\NPPPacketParser\projects\2003\Debug\NppPacketParser.write.1.tlog
C:\Users\vivek_\Documents\Visual Studio 2010\Projects\NPPPacketParser\NPPPacketParser\projects\2003\Debug\NppPacketParser_manifest.rc
C:\USERS\VIVEK_\DOCUMENTS\VISUAL STUDIO 2010\PROJECTS\NPPPACKETPARSER\NPPPACKETPARSER\PROJECTS\2003\DEBUG\NPPPLUGINDEMO.OBJ
C:\USERS\VIVEK_\DOCUMENTS\VISUAL STUDIO 2010\PROJECTS\NPPPACKETPARSER\NPPPACKETPARSER\PROJECTS\2003\DEBUG\NPPPLUGINDEMO.RES
C:\USERS\VIVEK_\DOCUMENTS\VISUAL STUDIO 2010\PROJECTS\NPPPACKETPARSER\NPPPACKETPARSER\PROJECTS\2003\DEBUG\PLUGINDEFINITION.OBJ
C:\Users\vivek_\Documents\Visual Studio 2010\Projects\NPPPacketParser\NPPPacketParser\projects\2003\Debug\PluginTemplate.exp
C:\Users\vivek_\Documents\Visual Studio 2010\Projects\NPPPacketParser\NPPPacketParser\projects\2003\Debug\PluginTemplate.lib
C:\USERS\VIVEK_\DOCUMENTS\VISUAL STUDIO 2010\PROJECTS\NPPPACKETPARSER\NPPPACKETPARSER\PROJECTS\2003\DEBUG\PLUGINTEMPLATE.PDB
C:\Users\vivek_\Documents\Visual Studio 2010\Projects\NPPPacketParser\NPPPacketParser\projects\2003\Debug\rc.command.1.tlog
C:\Users\vivek_\Documents\Visual Studio 2010\Projects\NPPPacketParser\NPPPacketParser\projects\2003\Debug\rc.read.1.tlog
C:\Users\vivek_\Documents\Visual Studio 2010\Projects\NPPPacketParser\NPPPacketParser\projects\2003\Debug\rc.write.1.tlog
C:\USERS\VIVEK_\DOCUMENTS\VISUAL STUDIO 2010\PROJECTS\NPPPACKETPARSER\NPPPACKETPARSER\PROJECTS\2003\DEBUG\STATICDIALOG.OBJ
C:\Users\vivek_\Documents\Visual Studio 2010\Projects\NPPPacketParser\NPPPacketParser\projects\2003\Debug\vc100.idb
C:\USERS\VIVEK_\DOCUMENTS\VISUAL STUDIO 2010\PROJECTS\NPPPACKETPARSER\NPPPACKETPARSER\PROJECTS\2003\DEBUG\VC100.PDB
C:\USERS\VIVEK_\DOCUMENTS\VISUAL STUDIO 2010\PROJECTS\NPPPACKETPARSER\NPPPACKETPARSER\PROJECTS\2003\DEBUG\XPIPACKETPARSER.OBJ
Debug\NppPacketParser.ilk
