C:\PROGRAMME\NOTEPAD++\PLUGINS\PLUGINTEMPLATE.DLL
C:\PROGRAMME\NOTEPAD++\PLUGINS\PLUGINTEMPLATE.ILK
C:\USERS\VIVEK_\DOCUMENTS\VISUAL STUDIO 2010\PROJECTS\NEW_PLUGIN\PLUGINTEMPLATE\PROJECTS\2003\DEBUG\ABOUTDIALOG.OBJ
C:\Users\vivek_\Documents\Visual Studio 2010\Projects\new_plugin\PluginTemplate\projects\2003\Debug\cl.command.1.tlog
C:\Users\vivek_\Documents\Visual Studio 2010\Projects\new_plugin\PluginTemplate\projects\2003\Debug\CL.read.1.tlog
C:\Users\vivek_\Documents\Visual Studio 2010\Projects\new_plugin\PluginTemplate\projects\2003\Debug\CL.write.1.tlog
C:\USERS\VIVEK_\DOCUMENTS\VISUAL STUDIO 2010\PROJECTS\NEW_PLUGIN\PLUGINTEMPLATE\PROJECTS\2003\DEBUG\IMAGELISTSET.OBJ
C:\Users\vivek_\Documents\Visual Studio 2010\Projects\new_plugin\PluginTemplate\projects\2003\Debug\link.command.1.tlog
C:\Users\vivek_\Documents\Visual Studio 2010\Projects\new_plugin\PluginTemplate\projects\2003\Debug\link.read.1.tlog
C:\Users\vivek_\Documents\Visual Studio 2010\Projects\new_plugin\PluginTemplate\projects\2003\Debug\link.write.1.tlog
C:\Users\vivek_\Documents\Visual Studio 2010\Projects\new_plugin\PluginTemplate\projects\2003\Debug\link-cvtres.read.1.tlog
C:\Users\vivek_\Documents\Visual Studio 2010\Projects\new_plugin\PluginTemplate\projects\2003\Debug\link-cvtres.write.1.tlog
C:\Users\vivek_\Documents\Visual Studio 2010\Projects\new_plugin\PluginTemplate\projects\2003\Debug\mt.command.1.tlog
C:\Users\vivek_\Documents\Visual Studio 2010\Projects\new_plugin\PluginTemplate\projects\2003\Debug\mt.read.1.tlog
C:\Users\vivek_\Documents\Visual Studio 2010\Projects\new_plugin\PluginTemplate\projects\2003\Debug\mt.write.1.tlog
C:\USERS\VIVEK_\DOCUMENTS\VISUAL STUDIO 2010\PROJECTS\NEW_PLUGIN\PLUGINTEMPLATE\PROJECTS\2003\DEBUG\PLUGINTEMPLATE.DLL.EMBED.MANIFEST
C:\USERS\VIVEK_\DOCUMENTS\VISUAL STUDIO 2010\PROJECTS\NEW_PLUGIN\PLUGINTEMPLATE\PROJECTS\2003\DEBUG\PLUGINTEMPLATE.DLL.EMBED.MANIFEST.RES
C:\USERS\VIVEK_\DOCUMENTS\VISUAL STUDIO 2010\PROJECTS\NEW_PLUGIN\PLUGINTEMPLATE\PROJECTS\2003\DEBUG\PLUGINTEMPLATE.DLL.INTERMEDIATE.MANIFEST
C:\Users\vivek_\Documents\Visual Studio 2010\Projects\new_plugin\PluginTemplate\projects\2003\Debug\PluginTemplate.exp
C:\Users\vivek_\Documents\Visual Studio 2010\Projects\new_plugin\PluginTemplate\projects\2003\Debug\PluginTemplate.lib
C:\USERS\VIVEK_\DOCUMENTS\VISUAL STUDIO 2010\PROJECTS\NEW_PLUGIN\PLUGINTEMPLATE\PROJECTS\2003\DEBUG\PLUGINTEMPLATE.OBJ
C:\USERS\VIVEK_\DOCUMENTS\VISUAL STUDIO 2010\PROJECTS\NEW_PLUGIN\PLUGINTEMPLATE\PROJECTS\2003\DEBUG\PLUGINTEMPLATE.PDB
C:\Users\vivek_\Documents\Visual Studio 2010\Projects\new_plugin\PluginTemplate\projects\2003\Debug\PluginTemplate.vcxprojResolveAssemblyReference.cache
C:\Users\vivek_\Documents\Visual Studio 2010\Projects\new_plugin\PluginTemplate\projects\2003\Debug\PluginTemplate.write.1.tlog
C:\Users\vivek_\Documents\Visual Studio 2010\Projects\new_plugin\PluginTemplate\projects\2003\Debug\PluginTemplate_manifest.rc
C:\USERS\VIVEK_\DOCUMENTS\VISUAL STUDIO 2010\PROJECTS\NEW_PLUGIN\PLUGINTEMPLATE\PROJECTS\2003\DEBUG\PLUGINTEMPLATEDIALOG.OBJ
C:\USERS\VIVEK_\DOCUMENTS\VISUAL STUDIO 2010\PROJECTS\NEW_PLUGIN\PLUGINTEMPLATE\PROJECTS\2003\DEBUG\PLUGINTEMPLATEDIALOG.RES
C:\Users\vivek_\Documents\Visual Studio 2010\Projects\new_plugin\PluginTemplate\projects\2003\Debug\rc.command.1.tlog
C:\Users\vivek_\Documents\Visual Studio 2010\Projects\new_plugin\PluginTemplate\projects\2003\Debug\rc.read.1.tlog
C:\Users\vivek_\Documents\Visual Studio 2010\Projects\new_plugin\PluginTemplate\projects\2003\Debug\rc.write.1.tlog
C:\USERS\VIVEK_\DOCUMENTS\VISUAL STUDIO 2010\PROJECTS\NEW_PLUGIN\PLUGINTEMPLATE\PROJECTS\2003\DEBUG\STATICDIALOG.OBJ
C:\USERS\VIVEK_\DOCUMENTS\VISUAL STUDIO 2010\PROJECTS\NEW_PLUGIN\PLUGINTEMPLATE\PROJECTS\2003\DEBUG\STDAFX.OBJ
C:\USERS\VIVEK_\DOCUMENTS\VISUAL STUDIO 2010\PROJECTS\NEW_PLUGIN\PLUGINTEMPLATE\PROJECTS\2003\DEBUG\SYSMSG.OBJ
C:\USERS\VIVEK_\DOCUMENTS\VISUAL STUDIO 2010\PROJECTS\NEW_PLUGIN\PLUGINTEMPLATE\PROJECTS\2003\DEBUG\TOOLBAR.OBJ
C:\USERS\VIVEK_\DOCUMENTS\VISUAL STUDIO 2010\PROJECTS\NEW_PLUGIN\PLUGINTEMPLATE\PROJECTS\2003\DEBUG\URLCTRL.OBJ
C:\Users\vivek_\Documents\Visual Studio 2010\Projects\new_plugin\PluginTemplate\projects\2003\Debug\vc100.idb
C:\USERS\VIVEK_\DOCUMENTS\VISUAL STUDIO 2010\PROJECTS\NEW_PLUGIN\PLUGINTEMPLATE\PROJECTS\2003\DEBUG\VC100.PDB
Debug\PluginTemplate.pdb
