Build started 10-12-2018 00:19:47.
     1>Project "C:\Users\vivek_\Documents\Visual Studio 2010\Projects\new_plugin\PluginTemplate\projects\2003\PluginTemplate.vcxproj" on node 2 (build target(s)).
     1>InitializeBuildStatus:
         Touching "Release\PluginTemplate.unsuccessfulbuild".
       ClCompile:
         C:\Program Files (x86)\Microsoft Visual Studio 10.0\VC\bin\CL.exe /c /I../../src /I../../src/AboutDlg /I../../../Common/Ccpp /Zi /nologo /W3 /WX- /O2 /Oy- /D WIN32 /D NDEBUG /D _WINDOWS /D _USRDLL /D PLUGINTEMPLATE_EXPORTS /D _WINDLL /D _UNICODE /D UNICODE /Gm- /EHsc /MT /GS /fp:precise /Zc:wchar_t /Zc:forScope /Fo"Release\\" /Fd"Release\vc100.pdb" /Gd /TP /analyze- /errorReport:prompt ..\..\src\PluginTemplate.cpp
         PluginTemplate.cpp
     1>C:\Users\vivek_\Documents\Visual Studio 2010\Projects\new_plugin\Common\Ccpp\DockingDlgInterface.h(42): warning C4996: 'wcscpy': This function or variable may be unsafe. Consider using wcscpy_s instead. To disable deprecation, use _CRT_SECURE_NO_WARNINGS. See online help for details.
                 C:\Program Files (x86)\Microsoft Visual Studio 10.0\VC\include\string.h(283) : see declaration of 'wcscpy'
     1>..\..\src\PluginTemplate.cpp(63): warning C4996: 'strcpy': This function or variable may be unsafe. Consider using strcpy_s instead. To disable deprecation, use _CRT_SECURE_NO_WARNINGS. See online help for details.
                 C:\Program Files (x86)\Microsoft Visual Studio 10.0\VC\include\string.h(105) : see declaration of 'strcpy'
     1>..\..\src\PluginTemplate.cpp(64): warning C4996: 'strcpy': This function or variable may be unsafe. Consider using strcpy_s instead. To disable deprecation, use _CRT_SECURE_NO_WARNINGS. See online help for details.
                 C:\Program Files (x86)\Microsoft Visual Studio 10.0\VC\include\string.h(105) : see declaration of 'strcpy'
     1>..\..\src\PluginTemplate.cpp(160): warning C4996: 'wcscpy': This function or variable may be unsafe. Consider using wcscpy_s instead. To disable deprecation, use _CRT_SECURE_NO_WARNINGS. See online help for details.
                 C:\Program Files (x86)\Microsoft Visual Studio 10.0\VC\include\string.h(283) : see declaration of 'wcscpy'
     1>..\..\src\PluginTemplate.cpp(161): warning C4996: 'wcscpy': This function or variable may be unsafe. Consider using wcscpy_s instead. To disable deprecation, use _CRT_SECURE_NO_WARNINGS. See online help for details.
                 C:\Program Files (x86)\Microsoft Visual Studio 10.0\VC\include\string.h(283) : see declaration of 'wcscpy'
     1>..\..\src\PluginTemplate.cpp(180): warning C4996: '_itow': This function or variable may be unsafe. Consider using _itow_s instead. To disable deprecation, use _CRT_SECURE_NO_WARNINGS. See online help for details.
                 C:\Program Files (x86)\Microsoft Visual Studio 10.0\VC\include\wchar.h(866) : see declaration of '_itow'
     1>..\..\src\PluginTemplate.cpp(181): warning C4996: '_itow': This function or variable may be unsafe. Consider using _itow_s instead. To disable deprecation, use _CRT_SECURE_NO_WARNINGS. See online help for details.
                 C:\Program Files (x86)\Microsoft Visual Studio 10.0\VC\include\wchar.h(866) : see declaration of '_itow'
       ResourceCompile:
         All outputs are up-to-date.
     1>C:\Program Files (x86)\MSBuild\Microsoft.Cpp\v4.0\Microsoft.CppBuild.targets(990,5): warning MSB8012: TargetPath(C:\Users\vivek_\Documents\Visual Studio 2010\Projects\new_plugin\PluginTemplate\projects\2003\Release\PluginTemplate.dll) does not match the Linker's OutputFile property value (C:\Programme\Notepad++\plugins\PluginTemplate.dll). This may cause your project to build incorrectly. To correct this, please make sure that $(OutDir), $(TargetName) and $(TargetExt) property values match the value specified in %(Link.OutputFile).
       Link:
         C:\Program Files (x86)\Microsoft Visual Studio 10.0\VC\bin\link.exe /ERRORREPORT:PROMPT /OUT:"C:\Programme\Notepad++\plugins\PluginTemplate.dll" /INCREMENTAL:NO /NOLOGO shlwapi.lib comctl32.lib kernel32.lib user32.lib gdi32.lib winspool.lib comdlg32.lib advapi32.lib shell32.lib ole32.lib oleaut32.lib uuid.lib odbc32.lib odbccp32.lib /MANIFEST /ManifestFile:"Release\PluginTemplate.dll.intermediate.manifest" /MANIFESTUAC:"level='asInvoker' uiAccess='false'" /DEBUG /PDB:"C:\Users\vivek_\Documents\Visual Studio 2010\Projects\new_plugin\PluginTemplate\projects\2003\Release\PluginTemplate.pdb" /SUBSYSTEM:WINDOWS /OPT:REF /OPT:ICF /TLBID:1 /DYNAMICBASE /NXCOMPAT /IMPLIB:"Release\PluginTemplate.lib" /MACHINE:X86 /DLL Release\PluginTemplateDialog.res
         Release\PluginTemplate.obj
         Release\PluginTemplateDialog.obj
         Release\ImageListSet.obj
         Release\StaticDialog.obj
         Release\stdafx.obj
         Release\SysMsg.obj
         Release\ToolBar.obj
         Release\AboutDialog.obj
         Release\URLCtrl.obj
            Creating library Release\PluginTemplate.lib and object Release\PluginTemplate.exp
         PluginTemplate.vcxproj -> C:\Users\vivek_\Documents\Visual Studio 2010\Projects\new_plugin\PluginTemplate\projects\2003\Release\PluginTemplate.dll
       Manifest:
         C:\Program Files (x86)\Microsoft SDKs\Windows\v7.0A\bin\mt.exe /nologo /verbose /outputresource:"C:\Programme\Notepad++\plugins\PluginTemplate.dll;#2" /manifest Release\PluginTemplate.dll.intermediate.manifest
       FinalizeBuildStatus:
         Deleting file "Release\PluginTemplate.unsuccessfulbuild".
         Touching "Release\PluginTemplate.lastbuildstate".
     1>Done Building Project "C:\Users\vivek_\Documents\Visual Studio 2010\Projects\new_plugin\PluginTemplate\projects\2003\PluginTemplate.vcxproj" (build target(s)).

Build succeeded.

Time Elapsed 00:00:03.40
