C:\USERS\VIVEK_\DOCUMENTS\VISUAL STUDIO 2010\PROJECTS\NEW_PLUGIN\PLUGINTEMPLATE\PROJECTS\2003\RELEASE\ABOUTDIALOG.OBJ
C:\Users\vivek_\Documents\Visual Studio 2010\Projects\new_plugin\PluginTemplate\projects\2003\Release\cl.command.1.tlog
C:\Users\vivek_\Documents\Visual Studio 2010\Projects\new_plugin\PluginTemplate\projects\2003\Release\CL.read.1.tlog
C:\Users\vivek_\Documents\Visual Studio 2010\Projects\new_plugin\PluginTemplate\projects\2003\Release\CL.write.1.tlog
C:\USERS\VIVEK_\DOCUMENTS\VISUAL STUDIO 2010\PROJECTS\NEW_PLUGIN\PLUGINTEMPLATE\PROJECTS\2003\RELEASE\IMAGELISTSET.OBJ
C:\Users\vivek_\Documents\Visual Studio 2010\Projects\new_plugin\PluginTemplate\projects\2003\Release\link.command.1.tlog
C:\Users\vivek_\Documents\Visual Studio 2010\Projects\new_plugin\PluginTemplate\projects\2003\Release\link.read.1.tlog
C:\Users\vivek_\Documents\Visual Studio 2010\Projects\new_plugin\PluginTemplate\projects\2003\Release\link.write.1.tlog
C:\Users\vivek_\Documents\Visual Studio 2010\Projects\new_plugin\PluginTemplate\projects\2003\Release\link-cvtres.read.1.tlog
C:\Users\vivek_\Documents\Visual Studio 2010\Projects\new_plugin\PluginTemplate\projects\2003\Release\link-cvtres.write.1.tlog
C:\Users\vivek_\Documents\Visual Studio 2010\Projects\new_plugin\PluginTemplate\projects\2003\Release\PluginTemplate.dll.intermediate.manifest
C:\Users\vivek_\Documents\Visual Studio 2010\Projects\new_plugin\PluginTemplate\projects\2003\Release\PluginTemplate.exp
C:\USERS\VIVEK_\DOCUMENTS\VISUAL STUDIO 2010\PROJECTS\NEW_PLUGIN\PLUGINTEMPLATE\PROJECTS\2003\RELEASE\PLUGINTEMPLATE.OBJ
C:\Users\vivek_\Documents\Visual Studio 2010\Projects\new_plugin\PluginTemplate\projects\2003\Release\PluginTemplate.pdb
C:\Users\vivek_\Documents\Visual Studio 2010\Projects\new_plugin\PluginTemplate\projects\2003\Release\PluginTemplate.write.1.tlog
C:\USERS\VIVEK_\DOCUMENTS\VISUAL STUDIO 2010\PROJECTS\NEW_PLUGIN\PLUGINTEMPLATE\PROJECTS\2003\RELEASE\PLUGINTEMPLATEDIALOG.OBJ
C:\USERS\VIVEK_\DOCUMENTS\VISUAL STUDIO 2010\PROJECTS\NEW_PLUGIN\PLUGINTEMPLATE\PROJECTS\2003\RELEASE\PLUGINTEMPLATEDIALOG.RES
C:\Users\vivek_\Documents\Visual Studio 2010\Projects\new_plugin\PluginTemplate\projects\2003\Release\rc.command.1.tlog
C:\Users\vivek_\Documents\Visual Studio 2010\Projects\new_plugin\PluginTemplate\projects\2003\Release\rc.read.1.tlog
C:\Users\vivek_\Documents\Visual Studio 2010\Projects\new_plugin\PluginTemplate\projects\2003\Release\rc.write.1.tlog
C:\USERS\VIVEK_\DOCUMENTS\VISUAL STUDIO 2010\PROJECTS\NEW_PLUGIN\PLUGINTEMPLATE\PROJECTS\2003\RELEASE\STATICDIALOG.OBJ
C:\USERS\VIVEK_\DOCUMENTS\VISUAL STUDIO 2010\PROJECTS\NEW_PLUGIN\PLUGINTEMPLATE\PROJECTS\2003\RELEASE\STDAFX.OBJ
C:\USERS\VIVEK_\DOCUMENTS\VISUAL STUDIO 2010\PROJECTS\NEW_PLUGIN\PLUGINTEMPLATE\PROJECTS\2003\RELEASE\SYSMSG.OBJ
C:\USERS\VIVEK_\DOCUMENTS\VISUAL STUDIO 2010\PROJECTS\NEW_PLUGIN\PLUGINTEMPLATE\PROJECTS\2003\RELEASE\TOOLBAR.OBJ
C:\USERS\VIVEK_\DOCUMENTS\VISUAL STUDIO 2010\PROJECTS\NEW_PLUGIN\PLUGINTEMPLATE\PROJECTS\2003\RELEASE\URLCTRL.OBJ
C:\USERS\VIVEK_\DOCUMENTS\VISUAL STUDIO 2010\PROJECTS\NEW_PLUGIN\PLUGINTEMPLATE\PROJECTS\2003\RELEASE\VC100.PDB
Release\PluginTemplate.pdb
